[    0.000000] Initializing cgroup subsys cpuset
[    0.000000] Initializing cgroup subsys cpu
[    0.000000] Initializing cgroup subsys cpuacct
[    0.000000] Linux version 4.4.0-150-generic (buildd@lgw01-amd64-036) (gcc version 5.4.0 20160609 (Ubuntu 5.4.0-6ubuntu1~16.04.10) ) #176-Ubuntu SMP Wed May 29 18:56:26 UTC 2019 (Ubuntu 4.4.0-150.176-generic 4.4.179)
[    0.000000] Command line: BOOT_IMAGE=/boot/vmlinuz-4.4.0-150-generic root=LABEL=cloudimg-rootfs ro console=tty1 console=ttyS0
[    0.000000] KERNEL supported cpus:
[    0.000000]   Intel GenuineIntel
[    0.000000]   AMD AuthenticAMD
[    0.000000]   Centaur CentaurHauls
[    0.000000] x86/fpu: xstate_offset[2]:  576, xstate_sizes[2]:  256
[    0.000000] x86/fpu: Supporting XSAVE feature 0x01: 'x87 floating point registers'
[    0.000000] x86/fpu: Supporting XSAVE feature 0x02: 'SSE registers'
[    0.000000] x86/fpu: Supporting XSAVE feature 0x04: 'AVX registers'
[    0.000000] x86/fpu: Enabled xstate features 0x7, context size is 832 bytes, using 'standard' format.
[    0.000000] e820: BIOS-provided physical RAM map:
[    0.000000] BIOS-e820: [mem 0x0000000000000000-0x000000000009fbff] usable
[    0.000000] BIOS-e820: [mem 0x000000000009fc00-0x000000000009ffff] reserved
[    0.000000] BIOS-e820: [mem 0x00000000000f0000-0x00000000000fffff] reserved
[    0.000000] BIOS-e820: [mem 0x0000000000100000-0x000000007ffeffff] usable
[    0.000000] BIOS-e820: [mem 0x000000007fff0000-0x000000007fffffff] ACPI data
[    0.000000] BIOS-e820: [mem 0x00000000fec00000-0x00000000fec00fff] reserved
[    0.000000] BIOS-e820: [mem 0x00000000fee00000-0x00000000fee00fff] reserved
[    0.000000] BIOS-e820: [mem 0x00000000fffc0000-0x00000000ffffffff] reserved
[    0.000000] NX (Execute Disable) protection: active
[    0.000000] SMBIOS 2.5 present.
[    0.000000] Hypervisor detected: KVM
[    0.000000] e820: last_pfn = 0x7fff0 max_arch_pfn = 0x400000000
[    0.000000] MTRR: Disabled
[    0.000000] x86/PAT: MTRRs disabled, skipping PAT initialization too.
[    0.000000] CPU MTRRs all blank - virtualized system.
[    0.000000] x86/PAT: Configuration [0-7]: WB  WT  UC- UC  WB  WT  UC- UC  
[    0.000000] found SMP MP-table at [mem 0x0009fff0-0x0009ffff] mapped at [ffff88000009fff0]
[    0.000000] Scanning 1 areas for low memory corruption
[    0.000000] RAMDISK: [mem 0x362fc000-0x37175fff]
[    0.000000] ACPI: Early table checksum verification disabled
[    0.000000] ACPI: RSDP 0x00000000000E0000 000024 (v02 VBOX  )
[    0.000000] ACPI: XSDT 0x000000007FFF0030 00003C (v01 VBOX   VBOXXSDT 00000001 ASL  00000061)
[    0.000000] ACPI: FACP 0x000000007FFF00F0 0000F4 (v04 VBOX   VBOXFACP 00000001 ASL  00000061)
[    0.000000] ACPI: DSDT 0x000000007FFF0470 0022EA (v02 VBOX   VBOXBIOS 00000002 INTL 20100528)
[    0.000000] ACPI: FACS 0x000000007FFF0200 000040
[    0.000000] ACPI: FACS 0x000000007FFF0200 000040
[    0.000000] ACPI: APIC 0x000000007FFF0240 00005C (v02 VBOX   VBOXAPIC 00000001 ASL  00000061)
[    0.000000] ACPI: SSDT 0x000000007FFF02A0 0001CC (v01 VBOX   VBOXCPUT 00000002 INTL 20100528)
[    0.000000] No NUMA configuration found
[    0.000000] Faking a node at [mem 0x0000000000000000-0x000000007ffeffff]
[    0.000000] NODE_DATA(0) allocated [mem 0x7ffeb000-0x7ffeffff]
[    0.000000] kvm-clock: Using msrs 4b564d01 and 4b564d00
[    0.000000] kvm-clock: cpu 0, msr 0:7ffe3001, primary cpu clock
[    0.000000] kvm-clock: using sched offset of 3670953253 cycles
[    0.000000] clocksource: kvm-clock: mask: 0xffffffffffffffff max_cycles: 0x1cd42e4dffb, max_idle_ns: 881590591483 ns
[    0.000000] Zone ranges:
[    0.000000]   DMA      [mem 0x0000000000001000-0x0000000000ffffff]
[    0.000000]   DMA32    [mem 0x0000000001000000-0x000000007ffeffff]
[    0.000000]   Normal   empty
[    0.000000]   Device   empty
[    0.000000] Movable zone start for each node
[    0.000000] Early memory node ranges
[    0.000000]   node   0: [mem 0x0000000000001000-0x000000000009efff]
[    0.000000]   node   0: [mem 0x0000000000100000-0x000000007ffeffff]
[    0.000000] Initmem setup node 0 [mem 0x0000000000001000-0x000000007ffeffff]
[    0.000000] ACPI: PM-Timer IO Port: 0x4008
[    0.000000] IOAPIC[0]: apic_id 2, version 32, address 0xfec00000, GSI 0-23
[    0.000000] ACPI: INT_SRC_OVR (bus 0 bus_irq 0 global_irq 2 dfl dfl)
[    0.000000] ACPI: INT_SRC_OVR (bus 0 bus_irq 9 global_irq 9 low level)
[    0.000000] Using ACPI (MADT) for SMP configuration information
[    0.000000] smpboot: Allowing 2 CPUs, 0 hotplug CPUs
[    0.000000] PM: Registered nosave memory: [mem 0x00000000-0x00000fff]
[    0.000000] PM: Registered nosave memory: [mem 0x0009f000-0x0009ffff]
[    0.000000] PM: Registered nosave memory: [mem 0x000a0000-0x000effff]
[    0.000000] PM: Registered nosave memory: [mem 0x000f0000-0x000fffff]
[    0.000000] e820: [mem 0x80000000-0xfebfffff] available for PCI devices
[    0.000000] Booting paravirtualized kernel on KVM
[    0.000000] clocksource: refined-jiffies: mask: 0xffffffff max_cycles: 0xffffffff, max_idle_ns: 7645519600211568 ns
[    0.000000] setup_percpu: NR_CPUS:512 nr_cpumask_bits:512 nr_cpu_ids:2 nr_node_ids:1
[    0.000000] PERCPU: Embedded 34 pages/cpu @ffff88007fc00000 s99480 r8192 d31592 u1048576
[    0.000000] Built 1 zonelists in Node order, mobility grouping on.  Total pages: 515960
[    0.000000] Policy zone: DMA32
[    0.000000] Kernel command line: BOOT_IMAGE=/boot/vmlinuz-4.4.0-150-generic root=LABEL=cloudimg-rootfs ro console=tty1 console=ttyS0
[    0.000000] PID hash table entries: 4096 (order: 3, 32768 bytes)
[    0.000000] Memory: 2029928K/2096696K available (8613K kernel code, 1335K rwdata, 4028K rodata, 1484K init, 1284K bss, 66768K reserved, 0K cma-reserved)
[    0.000000] SLUB: HWalign=64, Order=0-3, MinObjects=0, CPUs=2, Nodes=1
[    0.000000] Kernel/User page tables isolation: enabled
[    0.000000] Hierarchical RCU implementation.
[    0.000000] 	Build-time adjustment of leaf fanout to 64.
[    0.000000] 	RCU restricting CPUs from NR_CPUS=512 to nr_cpu_ids=2.
[    0.000000] RCU: Adjusting geometry for rcu_fanout_leaf=64, nr_cpu_ids=2
[    0.000000] NR_IRQS:33024 nr_irqs:440 16
[    0.000000] Console: colour VGA+ 80x25
[    0.000000] console [tty1] enabled
[    0.000000] console [ttyS0] enabled
[    0.000000] tsc: Detected 2600.000 MHz processor
[    0.232998] Calibrating delay loop (skipped) preset value.. 5200.00 BogoMIPS (lpj=10400000)
[    0.235406] pid_max: default: 32768 minimum: 301
[    0.236865] ACPI: Core revision 20150930
[    0.240319] ACPI: 2 ACPI AML tables successfully acquired and loaded
[    0.242744] Security Framework initialized
[    0.244083] Yama: becoming mindful.
[    0.245116] AppArmor: AppArmor initialized
[    0.248205] Dentry cache hash table entries: 262144 (order: 9, 2097152 bytes)
[    0.250528] Inode-cache hash table entries: 131072 (order: 8, 1048576 bytes)
[    0.255161] Mount-cache hash table entries: 4096 (order: 3, 32768 bytes)
[    0.258604] Mountpoint-cache hash table entries: 4096 (order: 3, 32768 bytes)
[    0.261194] Initializing cgroup subsys io
[    0.262581] Initializing cgroup subsys memory
[    0.264542] Initializing cgroup subsys devices
[    0.265797] Initializing cgroup subsys freezer
[    0.267010] Initializing cgroup subsys net_cls
[    0.268492] Initializing cgroup subsys perf_event
[    0.269851] Initializing cgroup subsys net_prio
[    0.271811] Initializing cgroup subsys hugetlb
[    0.274148] Initializing cgroup subsys pids
[    0.277360] mce: CPU supports 0 MCE banks
[    0.279224] Last level iTLB entries: 4KB 1024, 2MB 1024, 4MB 1024
[    0.281287] Last level dTLB entries: 4KB 1024, 2MB 1024, 4MB 1024, 1GB 4
[    0.283127] Spectre V2 : Mitigation: Full generic retpoline
[    0.284694] Spectre V2 : Spectre v2 / SpectreRSB mitigation: Filling RSB on context switch
[    0.287126] Speculative Store Bypass: Vulnerable
[    0.290025] MDS: Mitigation: Clear CPU buffers
[    0.295078] Freeing SMP alternatives memory: 36K
[    0.303017] ftrace: allocating 32298 entries in 127 pages
[    0.368598] smpboot: APIC(0) Converting physical 0 to logical package 0
[    0.370438] smpboot: Max logical packages: 1
[    0.373183] x2apic enabled
[    0.374624] Switched APIC routing to physical x2apic.
[    0.377208] ..TIMER: vector=0x30 apic1=0 pin1=2 apic2=-1 pin2=-1
[    0.484604] smpboot: CPU0: Intel(R) Core(TM) i5-4288U CPU @ 2.60GHz (family: 0x6, model: 0x45, stepping: 0x1)
[    0.487933] Performance Events: unsupported p6 CPU model 69 no PMU driver, software events only.
[    0.503245] KVM setup paravirtual spinlock
[    0.507706] x86: Booting SMP configuration:
[    0.509382] .... node  #0, CPUs:      #1
[    0.510744] kvm-clock: cpu 1, msr 0:7ffe3041, secondary cpu clock
[    0.512902] mce: CPU supports 0 MCE banks
[    0.516351] x86: Booted up 1 node, 2 CPUs
[    0.518069] smpboot: Total of 2 processors activated (10400.00 BogoMIPS)
[    0.520280] devtmpfs: initialized
[    0.524167] evm: security.selinux
[    0.525815] evm: security.SMACK64
[    0.526854] evm: security.SMACK64EXEC
[    0.527981] evm: security.SMACK64TRANSMUTE
[    0.529573] evm: security.SMACK64MMAP
[    0.530704] evm: security.ima
[    0.531591] evm: security.capability
[    0.532900] clocksource: jiffies: mask: 0xffffffff max_cycles: 0xffffffff, max_idle_ns: 7645041785100000 ns
[    0.535495] futex hash table entries: 512 (order: 3, 32768 bytes)
[    0.537313] pinctrl core: initialized pinctrl subsystem
[    0.539120] RTC time: 17:57:10, date: 06/15/19
[    0.542070] NET: Registered protocol family 16
[    0.552666] cpuidle: using governor ladder
[    0.565352] cpuidle: using governor menu
[    0.566891] PCCT header not found.
[    0.568236] ACPI: bus type PCI registered
[    0.569574] acpiphp: ACPI Hot Plug PCI Controller Driver version: 0.5
[    0.571760] PCI: Using configuration type 1 for base access
[    0.590227] ACPI: Added _OSI(Module Device)
[    0.593379] ACPI: Added _OSI(Processor Device)
[    0.594924] ACPI: Added _OSI(3.0 _SCP Extensions)
[    0.596321] ACPI: Added _OSI(Processor Aggregator Device)
[    0.599481] ACPI: Executed 1 blocks of module-level executable AML code
[    0.605164] ACPI: Interpreter enabled
[    0.607173] ACPI: (supports S0 S5)
[    0.610347] ACPI: Using IOAPIC for interrupt routing
[    0.612021] PCI: Using host bridge windows from ACPI; if necessary, use "pci=nocrs" and report a bug
[    0.619438] ACPI: PCI Root Bridge [PCI0] (domain 0000 [bus 00-ff])
[    0.622390] acpi PNP0A03:00: _OSC: OS supports [ASPM ClockPM Segments MSI]
[    0.626092] acpi PNP0A03:00: _OSC: not requesting OS control; OS requires [ExtendedConfig ASPM ClockPM MSI]
[    0.629707] acpi PNP0A03:00: fail to add MMCONFIG information, can't access extended PCI configuration space under this bridge.
[    0.633985] PCI host bridge to bus 0000:00
[    0.635203] pci_bus 0000:00: root bus resource [io  0x0000-0x0cf7 window]
[    0.637191] pci_bus 0000:00: root bus resource [io  0x0d00-0xffff window]
[    0.639941] pci_bus 0000:00: root bus resource [mem 0x000a0000-0x000bffff window]
[    0.642543] pci_bus 0000:00: root bus resource [mem 0x80000000-0xfdffffff window]
[    0.644936] pci_bus 0000:00: root bus resource [bus 00-ff]
[    0.650165] pci 0000:00:01.1: legacy IDE quirk: reg 0x10: [io  0x01f0-0x01f7]
[    0.652111] pci 0000:00:01.1: legacy IDE quirk: reg 0x14: [io  0x03f6]
[    0.653934] pci 0000:00:01.1: legacy IDE quirk: reg 0x18: [io  0x0170-0x0177]
[    0.657291] pci 0000:00:01.1: legacy IDE quirk: reg 0x1c: [io  0x0376]
[    0.699198] pci 0000:00:07.0: quirk: [io  0x4000-0x403f] claimed by PIIX4 ACPI
[    0.711938] pci 0000:00:07.0: quirk: [io  0x4100-0x410f] claimed by PIIX4 SMB
[    0.736269] ACPI: PCI Interrupt Link [LNKA] (IRQs 5 9 10 *11)
[    0.738564] ACPI: PCI Interrupt Link [LNKB] (IRQs 5 9 *10 11)
[    0.740554] ACPI: PCI Interrupt Link [LNKC] (IRQs 5 *9 10 11)
[    0.743149] ACPI: PCI Interrupt Link [LNKD] (IRQs 5 9 10 *11)
[    0.745311] ACPI: Enabled 2 GPEs in block 00 to 07
[    0.747068] vgaarb: setting as boot device: PCI:0000:00:02.0
[    0.749116] vgaarb: device added: PCI:0000:00:02.0,decodes=io+mem,owns=io+mem,locks=none
[    0.752032] vgaarb: loaded
[    0.752902] vgaarb: bridge control possible 0000:00:02.0
[    0.754613] SCSI subsystem initialized
[    0.755949] ACPI: bus type USB registered
[    0.757209] usbcore: registered new interface driver usbfs
[    0.758876] usbcore: registered new interface driver hub
[    0.761263] usbcore: registered new device driver usb
[    0.763041] PCI: Using ACPI for IRQ routing
[    0.764737] NetLabel: Initializing
[    0.765748] NetLabel:  domain hash size = 128
[    0.766939] NetLabel:  protocols = UNLABELED CIPSOv4
[    0.768836] NetLabel:  unlabeled traffic allowed by default
[    0.770704] amd_nb: Cannot enumerate AMD northbridges
[    0.772134] clocksource: Switched to clocksource kvm-clock
[    0.782893] AppArmor: AppArmor Filesystem Enabled
[    0.784710] pnp: PnP ACPI init
[    0.786934] pnp: PnP ACPI: found 3 devices
[    0.801984] clocksource: acpi_pm: mask: 0xffffff max_cycles: 0xffffff, max_idle_ns: 2085701024 ns
[    0.804577] NET: Registered protocol family 2
[    0.806131] TCP established hash table entries: 16384 (order: 5, 131072 bytes)
[    0.808827] TCP bind hash table entries: 16384 (order: 6, 262144 bytes)
[    0.811079] TCP: Hash tables configured (established 16384 bind 16384)
[    0.812900] UDP hash table entries: 1024 (order: 3, 32768 bytes)
[    0.814455] UDP-Lite hash table entries: 1024 (order: 3, 32768 bytes)
[    0.816164] NET: Registered protocol family 1
[    0.817438] pci 0000:00:00.0: Limiting direct PCI/PCI transfers
[    0.819017] pci 0000:00:01.0: Activating ISA DMA hang workarounds
[    0.820824] Unpacking initramfs...
[    1.083629] Freeing initrd memory: 14824K
[    1.085237] RAPL PMU detected, API unit is 2^-32 Joules, 4 fixed counters 10737418240 ms ovfl timer
[    1.087945] hw unit of domain pp0-core 2^-0 Joules
[    1.089362] hw unit of domain package 2^-0 Joules
[    1.091002] hw unit of domain dram 2^-0 Joules
[    1.094313] hw unit of domain pp1-gpu 2^-0 Joules
[    1.095750] clocksource: tsc: mask: 0xffffffffffffffff max_cycles: 0x257a3c3232d, max_idle_ns: 440795236700 ns
[    1.098683] platform rtc_cmos: registered platform RTC device (no PNP device found)
[    1.101131] Scanning for low memory corruption every 60 seconds
[    1.103084] audit: initializing netlink subsys (disabled)
[    1.104815] audit: type=2000 audit(1560621436.031:1): initialized
[    1.107978] Initialise system trusted keyring
[    1.110323] HugeTLB registered 2 MB page size, pre-allocated 0 pages
[    1.113252] zbud: loaded
[    1.114590] VFS: Disk quotas dquot_6.6.0
[    1.115821] VFS: Dquot-cache hash table entries: 512 (order 0, 4096 bytes)
[    1.118363] squashfs: version 4.0 (2009/01/31) Phillip Lougher
[    1.120331] fuse init (API version 7.23)
[    1.121601] Key type big_key registered
[    1.122712] Allocating IMA MOK and blacklist keyrings.
[    1.126720] Key type asymmetric registered
[    1.128167] Asymmetric key parser 'x509' registered
[    1.129680] Block layer SCSI generic (bsg) driver version 0.4 loaded (major 249)
[    1.132070] io scheduler noop registered
[    1.133256] io scheduler deadline registered (default)
[    1.134664] io scheduler cfq registered
[    1.135933] pci_hotplug: PCI Hot Plug PCI Core version: 0.5
[    1.137634] pciehp: PCI Express Hot Plug Controller Driver version: 0.4
[    1.139701] ACPI: AC Adapter [AC] (off-line)
[    1.141051] input: Power Button as /devices/LNXSYSTM:00/LNXPWRBN:00/input/input0
[    1.143902] ACPI: Power Button [PWRF]
[    1.145158] input: Sleep Button as /devices/LNXSYSTM:00/LNXSLPBN:00/input/input1
[    1.147312] ACPI: Sleep Button [SLPF]
[    1.148670] GHES: HEST is not enabled!
[    1.150241] ACPI: Battery Slot [BAT0] (battery present)
[    1.151811] Serial: 8250/16550 driver, 32 ports, IRQ sharing enabled
[    1.174398] 00:02: ttyS0 at I/O 0x3f8 (irq = 4, base_baud = 115200) is a 16550A
[    1.181093] Linux agpgart interface v0.103
[    1.185970] loop: module loaded
[    1.187557] scsi host0: ata_piix
[    1.188671] scsi host1: ata_piix
[    1.189655] ata1: PATA max UDMA/33 cmd 0x1f0 ctl 0x3f6 bmdma 0xd000 irq 14
[    1.191949] ata2: PATA max UDMA/33 cmd 0x170 ctl 0x376 bmdma 0xd008 irq 15
[    1.194151] libphy: Fixed MDIO Bus: probed
[    1.195391] tun: Universal TUN/TAP device driver, 1.6
[    1.196870] tun: (C) 1999-2004 Max Krasnyansky <maxk@qualcomm.com>
[    1.198690] PPP generic driver version 2.4.2
[    1.200152] ehci_hcd: USB 2.0 'Enhanced' Host Controller (EHCI) Driver
[    1.201850] ehci-pci: EHCI PCI platform driver
[    1.203089] ehci-platform: EHCI generic platform driver
[    1.204525] ohci_hcd: USB 1.1 'Open' Host Controller (OHCI) Driver
[    1.206136] ohci-pci: OHCI PCI platform driver
[    1.207366] ohci-platform: OHCI generic platform driver
[    1.209399] uhci_hcd: USB Universal Host Controller Interface driver
[    1.211225] i8042: PNP: PS/2 Controller [PNP0303:PS2K,PNP0f03:PS2M] at 0x60,0x64 irq 1,12
[    1.213999] serio: i8042 KBD port at 0x60,0x64 irq 1
[    1.215370] serio: i8042 AUX port at 0x60,0x64 irq 12
[    1.217003] mousedev: PS/2 mouse device common for all mice
[    1.218962] input: AT Translated Set 2 keyboard as /devices/platform/i8042/serio0/input/input2
[    1.221862] rtc_cmos rtc_cmos: rtc core: registered rtc_cmos as rtc0
[    1.223660] rtc_cmos rtc_cmos: alarms up to one day, 114 bytes nvram
[    1.226234] i2c /dev entries driver
[    1.227618] device-mapper: uevent: version 1.0.3
[    1.229186] device-mapper: ioctl: 4.34.0-ioctl (2015-10-28) initialised: dm-devel@redhat.com
[    1.231966] ledtrig-cpu: registered to indicate activity on CPUs
[    1.234179] NET: Registered protocol family 10
[    1.235750] NET: Registered protocol family 17
[    1.237110] Key type dns_resolver registered
[    1.239293] registered taskstats version 1
[    1.240600] Loading compiled-in X.509 certificates
[    1.242626] Loaded X.509 cert 'Build time autogenerated kernel key: a7915d3ef14e82ec7978a6e44664328aa121e7a5'
[    1.245779] zswap: loaded using pool lzo/zbud
[    1.249056] Key type trusted registered
[    1.254073] Key type encrypted registered
[    1.255370] AppArmor: AppArmor sha1 policy hashing enabled
[    1.256950] ima: No TPM chip found, activating TPM-bypass!
[    1.259164] ima: Allocated hash algorithm: sha1
[    1.260685] evm: HMAC attrs: 0x1
[    1.262264]   Magic number: 7:373:997
[    1.263488] rtc_cmos rtc_cmos: setting system clock to 2019-06-15 17:57:10 UTC (1560621430)
[    1.265996] BIOS EDD facility v0.16 2004-Jun-25, 0 devices found
[    1.267554] EDD information not available.
[    1.349835] Freeing unused kernel memory: 1484K
[    1.351401] Write protecting the kernel read-only data: 14336k
[    1.353715] Freeing unused kernel memory: 1616K
[    1.355250] Freeing unused kernel memory: 68K
Loading, please wait...
starting version 229
[    1.371848] random: systemd-udevd: uninitialized urandom read (16 bytes read, 2 bits of entropy available)
[    1.372649] random: udevadm: uninitialized urandom read (16 bytes read, 2 bits of entropy available)
[    1.372680] random: udevadm: uninitialized urandom read (16 bytes read, 2 bits of entropy available)
[    1.380474] random: systemd-udevd: uninitialized urandom read (16 bytes read, 2 bits of entropy available)
[    1.383040] random: systemd-udevd: uninitialized urandom read (16 bytes read, 2 bits of entropy available)
[    1.383696] random: udevadm: uninitialized urandom read (16 bytes read, 2 bits of entropy available)
[    1.383753] random: udevadm: uninitialized urandom read (16 bytes read, 2 bits of entropy available)
[    1.383944] random: udevadm: uninitialized urandom read (16 bytes read, 2 bits of entropy available)
[    1.384017] random: udevadm: uninitialized urandom read (16 bytes read, 2 bits of entropy available)
[    1.384090] random: udevadm: uninitialized urandom read (16 bytes read, 2 bits of entropy available)
[    1.426338] e1000: Intel(R) PRO/1000 Network Driver - version 7.3.21-k8-NAPI
[    1.428187] e1000: Copyright (c) 1999-2006 Intel Corporation.
[    1.429906] Fusion MPT base driver 3.04.20
[    1.431484] Copyright (c) 1999-2008 LSI Corporation
[    1.437251] Fusion MPT SPI Host driver 3.04.20
[    1.455115] AVX2 version of gcm_enc/dec engaged.
[    1.456558] AES CTR mode by8 optimization enabled
[    1.645010] input: ImExPS/2 Generic Explorer Mouse as /devices/platform/i8042/serio1/input/input4
[    1.859690] e1000 0000:00:03.0 eth0: (PCI:33MHz:32-bit) 02:2e:c1:de:99:b7
[    1.861682] e1000 0000:00:03.0 eth0: Intel(R) PRO/1000 Network Connection
[    1.864133] mptbase: ioc0: Initiating bringup
[    2.196775] ioc0: LSI53C1030 A0: Capabilities={Initiator}
[    3.544338] scsi host2: ioc0: LSI53C1030 A0, FwRev=00000000h, Ports=1, MaxQ=256, IRQ=20
[    4.063612] scsi 2:0:0:0: Direct-Access     VBOX     HARDDISK         1.0  PQ: 0 ANSI: 5
[    4.067322] scsi target2:0:0: Beginning Domain Validation
[    4.071490] scsi target2:0:0: Domain Validation skipping write tests
[    4.073380] scsi target2:0:0: Ending Domain Validation
[    4.074910] scsi target2:0:0: asynchronous
[    4.076934] scsi 2:0:1:0: Direct-Access     VBOX     HARDDISK         1.0  PQ: 0 ANSI: 5
[    4.089041] scsi target2:0:1: Beginning Domain Validation
[    4.092653] scsi target2:0:1: Domain Validation skipping write tests
[    4.094324] scsi target2:0:1: Ending Domain Validation
[    4.096385] scsi target2:0:1: asynchronous
[    4.117155] sd 2:0:0:0: Attached scsi generic sg0 type 0
[    4.119934] sd 2:0:0:0: [sda] 20971520 512-byte logical blocks: (10.7 GB/10.0 GiB)
[    4.123499] sd 2:0:1:0: [sdb] 20480 512-byte logical blocks: (10.5 MB/10.0 MiB)
[    4.126674] sd 2:0:1:0: Attached scsi generic sg1 type 0
[    4.130003] sd 2:0:1:0: [sdb] Write Protect is off
[    4.131406] sd 2:0:0:0: [sda] Write Protect is off
[    4.132921] sd 2:0:1:0: [sdb] Incomplete mode parameter data
[    4.134514] sd 2:0:1:0: [sdb] Assuming drive cache: write through
[    4.136855] sd 2:0:0:0: [sda] Incomplete mode parameter data
[    4.138437] sd 2:0:0:0: [sda] Assuming drive cache: write through
[    4.143689]  sda: sda1
[    4.147591] sd 2:0:0:0: [sda] Attached SCSI disk
[    4.149569] sd 2:0:1:0: [sdb] Attached SCSI disk
[    4.529924] e1000 0000:00:08.0 eth1: (PCI:33MHz:32-bit) 08:00:27:be:bd:77
[    4.531757] e1000 0000:00:08.0 eth1: Intel(R) PRO/1000 Network Connection
[    4.534538] e1000 0000:00:03.0 enp0s3: renamed from eth0
[    4.548964] e1000 0000:00:08.0 enp0s8: renamed from eth1
Begin: Loading essential drivers ... [    5.886726] md: linear personality registered for level -1
[    5.890691] md: multipath personality registered for level -4
[    5.895264] md: raid0 personality registered for level 0
[    5.901054] md: raid1 personality registered for level 1
[    5.972404] raid6: sse2x1   gen()  9359 MB/s
[    6.040167] raid6: sse2x1   xor()  7244 MB/s
[    6.108174] raid6: sse2x2   gen() 11874 MB/s
[    6.176321] raid6: sse2x2   xor()  7900 MB/s
[    6.244323] raid6: sse2x4   gen() 13599 MB/s
[    6.312664] raid6: sse2x4   xor()  9636 MB/s
[    6.380637] raid6: avx2x1   gen() 18107 MB/s
[    6.448359] raid6: avx2x2   gen() 21174 MB/s
[    6.516226] raid6: avx2x4   gen() 16014 MB/s
[    6.519255] raid6: using algorithm avx2x2 gen() 21174 MB/s
[    6.522527] raid6: using avx2x2 recovery algorithm
[    6.530100] xor: automatically using best checksumming function:
[    6.574180]    avx       : 36328.000 MB/sec
[    6.577623] async_tx: api initialized (async)
[    6.592001] md: raid6 personality registered for level 6
[    6.593977] md: raid5 personality registered for level 5
[    6.595907] md: raid4 personality registered for level 4
[    6.604894] md: raid10 personality registered for level 10
done.
Begin: Running /scripts/init-premount ... done.
Begin: Mounting root file system ... Begin: Running /scripts/local-top ... done.
Begin: Running /scripts/local-premount ... [    6.640208] Btrfs loaded
Scanning for Btrfs filesystems
done.
Warning: fsck not present, so skipping root file system
[    6.679708] EXT4-fs (sda1): mounted filesystem with ordered data mode. Opts: (null)
done.
Begin: Running /scripts/local-bottom ... done.
Begin: Running /scripts/init-bottom ... done.
[    6.760473] systemd[1]: systemd 229 running in system mode. (+PAM +AUDIT +SELINUX +IMA +APPARMOR +SMACK +SYSVINIT +UTMP +LIBCRYPTSETUP +GCRYPT +GNUTLS +ACL +XZ -LZ4 +SECCOMP +BLKID +ELFUTILS +KMOD -IDN)
[    6.765127] systemd[1]: Detected virtualization oracle.
[    6.767124] systemd[1]: Detected architecture x86-64.

Welcome to [1mUbuntu 16.04.6 LTS[0m!

[    7.079481] systemd[1]: Set hostname to <ubuntu>.
[    7.084927] systemd[1]: Initializing machine ID from random generator.
[    7.086821] systemd[1]: Installed transient /etc/machine-id file.
[    7.213194] systemd[1]: Reached target Swap.
[[0;32m  OK  [0m] Reached target Swap.
[    7.215821] systemd[1]: Listening on udev Control Socket.
[[0;32m  OK  [0m] Listening on udev Control Socket.
[    7.320874] systemd[1]: Reached target User and Group Name Lookups.
[[0;32m  OK  [0m] Reached target User and Group Name Lookups.
[    7.325099] systemd[1]: Reached target System Time Synchronized.
[[0;32m  OK  [0m] Reached target System Time Synchronized.
[    7.345797] systemd[1]: Reached target Encrypted Volumes.
[[0;32m  OK  [0m] Reached target Encrypted Volumes.
[    7.349334] systemd[1]: Listening on Journal Socket (/dev/log).
[[0;32m  OK  [0m] Listening on Journal Socket (/dev/log).
[    7.352834] systemd[1]: Started Trigger resolvconf update for networkd DNS.
[[0;32m  OK  [0m] Started Trigger resolvconf update for networkd DNS.
[    7.356458] systemd[1]: Listening on udev Kernel Socket.
[[0;32m  OK  [0m] Listening on udev Kernel Socket.
[    7.359895] systemd[1]: Listening on Device-mapper event daemon FIFOs.
[[0;32m  OK  [0m] Listening on Device-mapper event daemon FIFOs.
[    7.363362] systemd[1]: Listening on LVM2 metadata daemon socket.
[[0;32m  OK  [0m] Listening on LVM2 metadata daemon socket.
[    7.366543] systemd[1]: Listening on /dev/initctl Compatibility Named Pipe.
[[0;32m  OK  [0m] Listening on /dev/initctl Compatibility Named Pipe.
[    8.126158] systemd[1]: Listening on Syslog Socket.
[[0;32m  OK  [0m] Listening on Syslog Socket.
[    8.129865] systemd[1]: Created slice User and Session Slice.
[[0;32m  OK  [0m] Created slice User and Session Slice.
[    8.133229] systemd[1]: Created slice System Slice.
[[0;32m  OK  [0m] Created slice System Slice.
[    8.135904] systemd[1]: Listening on Journal Socket.
[[0;32m  OK  [0m] Listening on Journal Socket.
[    8.332947] systemd[1]: Starting Create list of required static device nodes for the current kernel...
         Starting Create list of required st... nodes for the current kernel...
[    8.340885] systemd[1]: Starting Set console keymap...
         Starting Set console keymap...
[    8.345289] systemd[1]: Starting Monitoring of LVM2 mirrors, snapshots etc. using dmeventd or progress polling...
         Starting Monitoring of LVM2 mirrors... dmeventd or progress polling...
[    8.352503] systemd[1]: Starting Nameserver information manager...
         Starting Nameserver information manager...
[    8.359733] systemd[1]: Starting Remount Root and Kernel File Systems...
         Starting Remount Root and Kernel File Systems...
[    8.378732] systemd[1]: Mounting Debug File System...
         Mounting Debug File System...
[    8.387871] EXT4-fs (sda1): re-mounted. Opts: (null)
[    8.389954] systemd[1]: Starting Uncomplicated firewall...
         Starting Uncomplicated firewall...
[    8.416825] systemd[1]: Mounting Huge Pages File System...
         Mounting Huge Pages File System...
[    8.420375] systemd[1]: Reached target Slices.
[[0;32m  OK  [0m] Reached target Slices.
[    8.424992] systemd[1]: Listening on LVM2 poll daemon socket.
[[0;32m  OK  [0m] Listening on LVM2 poll daemon socket.
[    8.431746] systemd[1]: Mounting POSIX Message Queue File System...
         Mounting POSIX Message Queue File System...
[    8.440992] systemd[1]: Created slice system-serial\x2dgetty.slice.
[[0;32m  OK  [0m] Created slice system-serial\x2dgetty.slice.
[    8.445743] systemd[1]: Set up automount Arbitrary Executable File Formats File System Automount Point.
[[0;32m  OK  [0m] Set up automount Arbitrary Executab...ats File System Automount Point.
[    8.465039] systemd[1]: Starting Load Kernel Modules...
         Starting Load Kernel Modules...
[    8.469698] systemd[1]: Listening on Journal Audit Socket.
[[0;32m  OK  [0m] Listening on Journal Audit Socket.
[    8.482133] systemd[1]: Starting Journal Service...
         Starting Journal[    8.485788] Loading iSCSI transport class v2.0-870.
 Service...
[    8.488789] systemd[1]: Started Forward Password Requests to Wall Directory Watch.
[[0;32m  OK  [0m] Started Forward Password Requests to Wall Directory Watch.
[    8.508618] iscsi: registered transport (tcp)
[    8.521327] systemd[1]: Mounted POSIX Message Queue File System.
[[0;32m  OK  [0m] Mounted POSIX Message Queue File System.
[    8.527147] systemd[1]: Mounted Debug File System.
[[0;32m  OK  [0m] Mounted Debug File System.
[    8.532185] systemd[1]: Mounted Huge Pages File System.
[[0;32m  OK  [0m] Mounted Huge Pages File System.
[    8.537314] systemd[1]: Started Create list of required static device nodes for the current kernel.
[[0;32m  OK  [0m] Started Create list of required sta...ce nodes for the current kernel.
[    8.552743] systemd[1]: Started Set console keymap.
[[0;32m  OK  [0m] Started Set console keymap.
[    8.577864] systemd[1]: Started Remount Root and Kernel File Systems.
[    8.583399] iscsi: registered transport (iser)
[[0;32m  OK  [0m] Started Remount Root and Kernel File Systems.
[    8.589560] systemd[1]: Started Uncomplicated firewall.
[[0;32m  OK  [0m] Started Uncomplicated firewall.
[    8.596493] systemd[1]: Started Load Kernel Modules.
[[0;32m  OK  [0m] Started Load Kernel Modules.
[    8.599975] systemd[1]: Started Nameserver information manager.
[[0;32m  OK  [0m] Started Nameserver information manager.
[    8.610671] systemd[1]: Started Journal Service.
[[0;32m  OK  [0m] Started Journal Service.
[[0;32m  OK  [0m] Started LVM2 metadata daemon.
         Mounting FUSE Control File System...
         Starting Apply Kernel Variables...
         Starting Load/Save Random Seed...
         Starting Flush Journal to Persistent Storage...
         Starting udev Coldplug all Devices...
         Starting Create Static Device Nodes in /dev...
[[0;32m  OK  [0m] Mounted FUSE Control File System.
[[0;32m  OK  [0m] Started Apply Kernel Variables.
[[0;32m  OK  [0m] Started Load/Save Random Seed.
[[0;32m  OK  [0m] Started Flush Journal to Persistent Storage.
[[0;32m  OK  [0m] Started Create Static Device Nodes in /dev.
         Starting udev Kernel Device Manager...
[[0;32m  OK  [0m] Started udev Kernel Device Manager.
[[0;32m  OK  [0m] Started udev Coldplug all Devices.
[[0;32m  OK  [0m] Started Dispatch Password Requests to Console Directory Watch.
[[0;32m  OK  [0m] Started Monitoring of LVM2 mirrors,...ng dmeventd or progress polling.
[[0;32m  OK  [0m] Reached target Local File Systems (Pre).
[[0;32m  OK  [0m] Reached target Local File Systems.
         Starting Set console font and keymap...
         Starting LSB: AppArmor initialization...
         Starting Initial cloud-init job (pre-networking)...
         Starting Tell Plymouth To Write Out Runtime Data...
         Starting Create Volatile Files and Directories...
         Starting Commit a transient machine-id on disk...
[[0;32m  OK  [0m] Started Create Volatile Files and Directories.
[[0;32m  OK  [0m] Started Tell Plymouth To Write Out Runtime Data.
         Starting Update UTMP about System Boot/Shutdown...
[[0;32m  OK  [0m] Started Update UTMP about System Boot/Shutdown.
[[0;32m  OK  [0m] Started Commit a transient machine-id on disk.
[[0;32m  OK  [0m] Found device /dev/ttyS0.
[[0;32m  OK  [0m] Listening on Load/Save RF Kill Switch Status /dev/rfkill Watch.
[[0;32m  OK  [0m] Started LSB: AppArmor initialization.
[   10.058967] cloud-init[485]: Cloud-init v. 19.1-1-gbaa47854-0ubuntu1~16.04.1 running 'init-local' at Sat, 15 Jun 2019 17:57:19 +0000. Up 9.65 seconds.
[[0;32m  OK  [0m] Started Set console font and keymap.
[[0;32m  OK  [0m] Started Initial cloud-init job (pre-networking).
[[0;32m  OK  [0m] Reached target Network (Pre).
         Starting Raise network interfaces...
[[0;32m  OK  [0m] Created slice system-getty.slice.
[[0;32m  OK  [0m] Started Raise network interfaces.
         Starting Initial cloud-init job (metadata service crawler)...
[[0;32m  OK  [0m] Reached target Network.
[   11.321649] cloud-init[957]: Cloud-init v. 19.1-1-gbaa47854-0ubuntu1~16.04.1 running 'init' at Sat, 15 Jun 2019 17:57:20 +0000. Up 10.82 seconds.
[   11.326269] cloud-init[957]: ci-info: ++++++++++++++++++++++++++++++++++++++Net device info+++++++++++++++++++++++++++++++++++++++
[   11.331160] cloud-init[957]: ci-info: +--------+-------+----------------------------+---------------+--------+-------------------+
[   11.335365] cloud-init[957]: ci-info: | Device |   Up  |          Address           |      Mask     | Scope  |     Hw-Address    |
[   11.338440] cloud-init[957]: ci-info: +--------+-------+----------------------------+---------------+--------+-------------------+
[   11.341352] cloud-init[957]: ci-info: | enp0s3 |  True |         10.0.2.15          | 255.255.255.0 | global | 02:2e:c1:de:99:b7 |
[   11.344407] cloud-init[957]: ci-info: | enp0s3 |  True | fe80::2e:c1ff:fede:99b7/64 |       .       |  link  | 02:2e:c1:de:99:b7 |
[   11.347825] cloud-init[957]: ci-info: | enp0s8 | False |             .              |       .       |   .    | 08:00:27:be:bd:77 |
[   11.351992] cloud-init[957]: ci-info: |   lo   |  True |         127.0.0.1          |   255.0.0.0   |  host  |         .         |
[   11.356298] cloud-init[957]: ci-info: |   lo   |  True |          ::1/128           |       .       |  host  |         .         |
[   11.360624] cloud-init[957]: ci-info: +--------+-------+----------------------------+---------------+--------+-------------------+
[   11.364650] cloud-init[957]: ci-info: +++++++++++++++++++++++++++Route IPv4 info++++++++++++++++++++++++++++
[   11.367087] cloud-init[957]: ci-info: +-------+-------------+----------+---------------+-----------+-------+
[   11.369549] cloud-init[957]: ci-info: | Route | Destination | Gateway  |    Genmask    | Interface | Flags |
[   11.372008] cloud-init[957]: ci-info: +-------+-------------+----------+---------------+-----------+-------+
[   11.374559] cloud-init[957]: ci-info: |   0   |   0.0.0.0   | 10.0.2.2 |    0.0.0.0    |   enp0s3  |   UG  |
[   11.377359] cloud-init[[0;32m  OK  [0m] Started Initial cloud-init job (metadata service crawler).
[[0;32m  OK  [0m] Reached target Network is Online.
[957]: ci-info: |   1   |   10.0.2.0  | 0.0.0.0  | 255.255.255.0 |   enp0s3  |   U   |
[   11.384478] cloud-init[957]: ci-info: +-------+-------------+----------+---------------+-----------+-------+
[   11.387190] cloud-init[957]: ci-info: +++++++++++++++++++Route IPv6 info+++++++++++++++++++
[   11.392535]          Starting iSCSI initiator daemon (iscsid)...
[[0;32m  OK  [0m] Reached target Cloud-config availability.
[[0;32m  OK  [0m] Reached target System Initialization.
         Starting LXD - unix socket.
         Starting Socket activation for snappy daemon.
[[0;32m  OK  [0m] Listening on D-Bus System Message Bus Socket.
[[0;32m  OK  [0m] Started Daily apt download activities.
[[0;32m  OK  [0m] Started Daily apt upgrade and clean activities.
cloud-init[957]: ci-info: +-------+-------------+---------+-----------+-------+[[0;32m  OK  [0m] Started ACPI Events Check.
[[0;32m  OK  [0m] Reached target Paths.
[[0;32m  OK  [0m] Listening on ACPID Listen Socket.
[[0;32m  OK  [0m] Started Daily Cleanup of Temporary Directories.
[[0;32m  OK  [0m] Reached target Timers.
[[0;32m  OK  [0m] Listening on UUID daemon activation socket.
[[0;32m  OK  [0m] Listening on LXD - unix socket.
[[0;32m  OK  [0m] Listening on Socket activation for snappy daemon.

[[0;32m  OK  [0m] Reached target Sockets.
[[0;32m  OK  [0m] Reached target Basic System.
[   11.414232] cloud-init[957]: ci-info: | Route | Destination | Gateway | Interface | Flags |
[   11.425011] cloud-init[957]: ci-info: +-------+-------------+---------+-----------+-------+
[   11.426762] cloud-init[957]: ci-info: |   0   |  fe80::/64  |    ::   |   enp0s3  |   U   |         Starting Virtualbox guest utils...

[   11.430632]          Starting /etc/rc.local Compatibility...
cloud-init[[0;32m  OK  [0m] Started ACPI event daemon.
[[0;32m  OK  [0m] Started Regular background program processing daemon.
[[0;32m  OK  [0m] Started D-Bus System Message Bus.
[957]: ci-info: |   3   |   ff00::/8  |    ::   |   enp0s3  |   U   |
[   11.450310] cloud-init[957]: ci-info: +-------+-------------+---------+-----------+-------+
[   11.453071] cloud-init[957]: Generating public/private rsa key pair.
[   11.456601] cloud-init[957]: Your identification has been saved in /etc/ssh/ssh_host_rsa_key.
[   11.459495] cloud-init[957]: Your public key has been saved in /etc/ssh/ssh_host_rsa_key.pub.
[   11.461982] cloud-init[957]: The key fingerprint is:
[   11.464388] cloud-init[957]: SHA256:OIhKJl6ZhCVwsaS8NKy/eDBRSkoRhMTmc3MD99GJuCE root@ubuntu-xenial
[   11.466827] cloud-init[957]: The key's randomart image is:
[   11.468526] cloud-init[957]: +---[RSA 2048]----+
[   11.476485] cloud-init[957]: |B**o  . o .      |
[   11.478011] cloud-init[957]: |+O=E + o o       |
         Starting LSB: MD monitoring daemon...
         Starting System Logging Service...
         Starting LSB: Record successful boot for GRUB...
         Starting Snappy daemon...
         Starting Accounts Service...
[   11.479864] cloud-init[957]: |BO..+ + .        |
         Starting Pollinate to seed the pseudo random number generator...
         Starting LXD - container startup/shutdown...
         Starting Login Service...
[[0;32m  OK  [0m] Started Deferred execution scheduler.
[[0;32m  OK  [0m] Started FUSE filesystem for LXC.
[[0;32m  OK  [0m] Started /etc/rc.local Compatibility.
[[0;32m  OK  [0m] Started iSCSI initiator daemon (iscsid).
[   11.499294] cloud-init[957]: |*o++o= o         |
[   11.548018] cloud-init[957]: |o=+++ + S        |
[   11.557159] [[0;32m  OK  [0m] Started System Logging Service.
cloud-init[957]: |Bo.    .         |
[   11.581270] cloud-init[957]: |.+.              |
[   11.598066] cloud-init[957]: | ...             |
[   11.604309] cloud-init[957]: |...              |
[   11.629078] cloud-init[957]:          Starting Login to default iSCSI targets...
[[0;32m  OK  [0m] Started Login Service.
[[0;32m  OK  [0m] Started Unattended Upgrades Shutdown.
[[0;32m  OK  [0m] Started LSB: Record successful boot for GRUB.
+----[SHA256]-----+
[   11.652152] cloud-init[957]: Generating public/private dsa key pair.
[   11.658043] cloud-init[957]: Your identification has been saved in /etc/ssh/ssh_host_dsa_key.
[   11.665960] cloud-init[957]: Your public key has been saved in /etc/ssh/ssh_host_dsa_key.pub.
[   11.672058] cloud-init[957]: The key fingerprint is:
[   11.680283] cloud-init[957]: SHA256:ddkk3/AefDBSMWd4BagC7O9+VemaCwmiRWaYHMLinXk root@ubuntu-xenial
[   11.686551] [[0;32m  OK  [0m] Started LXD - container startup/shutdown.
cloud-init[957]: The key's randomart image is:
[   11.694123] [[0;32m  OK  [0m] Started LSB: MD monitoring daemon.
cloud-init[957]: +---[DSA 1024]----+
[[0;32m  OK  [0m] Started Login to default iSCSI targets.
[   11.712029] cloud-init[[0;32m  OK  [0m] Reached target Remote File Systems (Pre).
[[0;32m  OK  [0m] Reached target Remote File Systems.
[957]: | .. ..      ooX+=|
         Starting Permit User Sessions...
         Starting LSB: automatic crash report generation...
         Starting LSB: Set the CPU Frequency Scaling governor to "ondemand"...
         Starting LSB: daemon to balance interrupts for SMP systems...
[   11.740382] cloud-init[957]: |. .o +o     .BoX.|
[[0;32m  OK  [0m] Started Permit User Sessions.
[   11.768416] cloud-init[957]: |... *.+.  ..o o=+|
[   11.784786] cloud-init[957]: | . + E. ....  o.o|
[   11.794686] cloud-init[957]: |    . o.S.   o  .|
         Starting Hold until boot process finishes up...
         Starting Terminate Plymouth Boot Screen...
         Starting Authenticate and Authorize Users to Run Privileged Tasks...
[[0;32m  OK  [0m] Started Hold until boot process finishes up.
[   11.821424] cloud-init[957]: |     o ... .. .  |
[   11.855396] cloud-init[957]: |    .  .  o. o   |
[   11.861204] cloud-init[957]: |        . ..o    |
[[0;32m  OK  [0m] Started Terminate Plymouth Boot Screen.
[   11.869922] cloud-init[957]: |       ...  ..   |
[   11.875796] cloud-init[957]: +----[SHA256]-----+
[   11.888945] cloud-init[957]: Generating public/private ecdsa key pair.[[0;32m  OK  [0m] Started LSB: Set the CPU Frequency Scaling governor to "ondemand".

[   11.912796] [cloud-init[0;32m  OK  [0m[957]: ] Your identification has been saved in /etc/ssh/ssh_host_ecdsa_key.Started Getty on tty1.

         Starting Set console scheme...
[   11.914457] [[0;32m  OK  [0m] Started Serial Getty on ttyS0.
[[0;32m  OK  [0m] Reached target Login Prompts.
[[0;32m  OK  [0m] Started Authenticate and Authorize Users to Run Privileged Tasks.
[[0;32m  OK  [0m] Started Set console scheme.
[[0;32m  OK  [0m] Started Accounts Service.
cloud-init[957]: Your public key has been saved in /etc/ssh/ssh_host_ecdsa_key.pub.[[0;32m  OK  [0m] Started LSB: automatic crash report generation.

[   11.994870] [[0;32m  OK  [0m] cloud-init[957]: The key fingerprint is:
Started LSB: daemon to balance interrupts for SMP systems.
[   12.035769] cloud-init[957]: SHA256:FOHlWNbwKAPSLEK83hjU8w4kLO9l92X0KU53w91Yb6k root@ubuntu-xenial
[   12.040056] cloud-init[957]: The key's randomart image is:
[   12.047457] cloud-init[957]: +---[ECDSA 256]---+
[   12.051396] cloud-init[957]: | +...o. o.=o     |
[   12.057243] cloud-init[957]: |. * =.oo B.o.   .|
[   12.066410] cloud-init[957]: | + = +  *.o..o ++|
[   12.069284] cloud-init[957]: |  + + o. o= + =.=|
[   12.075779] cloud-init[957]: | o * + .S= o ..o |
[[0;32m  OK  [0m] Started Virtualbox guest utils.
[   12.089867] cloud-init[957]: |  + . . . .  E   |
[   12.094520] cloud-init[957]: |                 |
[   12.097928] cloud-init[957]: |                 |
[   12.107709] cloud-init[957]: |                 |
[[0;32m  OK  [0m] Started Snappy daemon.[   12.121152] cloud-init[957]: +----[SHA256]-----+

[   12.132038] cloud-init[957]: Generating public/private ed25519 key pair.
[   12.138810] cloud-init[957]: Your identification has been saved in /etc/ssh/ssh_host_ed25519_key.
         Starting Wait until snapd is fully seeded...
[   12.155109] cloud-init[957]: Your public key has been saved in /etc/ssh/ssh_host_ed25519_key.pub.
[   12.165245] cloud-init[957]: The key fingerprint is:
[   12.171858] cloud-init[957]: SHA256:q2MMFgupgmDOzRrkHTCGPmVEUVYm1o8CD8bGZPdxb+M root@ubuntu-xenial
[   12.186405] cloud-init[957]: The key's randomart image is:
[   12.195227] cloud-init[957]: +--[ED25519 256]--+
[   12.197670] cloud-init[957]: |. **o*o+ .       |
[   12.199533] cloud-init[957]: |.+.X+ +.o .      |
[   12.210693] cloud-init[957]: |o B.+  .o  +     |
[   12.215112] cloud-init[957]: |.=o..o . .o .    |
[   12.219121] cloud-init[957]: |O.=..o. S  E     |
[   12.223301] cloud-init[957]: |+= ++    .       |
[   12.226904] cloud-init[957]: |. o. o  .        |
[   12.231134] cloud-init[957]: | .    +.         |
[   12.235805] cloud-init[957]: |     ...         |
[   12.238232] cloud-init[957]: +----[SHA256]-----+
[[0;32m  OK  [0m] Started Pollinate to seed the pseudo random number generator.
         Starting OpenBSD Secure Shell server...
[[0;32m  OK  [0m] Started OpenBSD Secure Shell server.
[[0;32m  OK  [0m] Created slice User Slice of vagrant.
         Starting User Manager for UID 1000...
[[0;32m  OK  [0m] Started Session 1 of user vagrant.
[[0;32m  OK  [0m] Started User Manager for UID 1000.
[[0;32m  OK  [0m] Started Wait until snapd is fully seeded.
         Starting Apply the settings specified in cloud-config...
[[0;32m  OK  [0m] Reached target Multi-User System.
[[0;32m  OK  [0m] Reached target Graphical Interface.
         Starting Update UTMP about System Runlevel Changes...
[[0;32m  OK  [0m] Started Update UTMP about System Runlevel Changes.
         Stopping User Manager for UID 1000...
[[0;32m  OK  [0m] Stopped User Manager for UID 1000.
[[0;32m  OK  [0m] Removed slice User Slice of vagrant.
[[0;32m  OK  [0m] Created slice User Slice of vagrant.
         Starting User Manager for UID 1000...
[[0;32m  OK  [0m] Started Session 2 of user vagrant.
[[0;32m  OK  [0m] Started User Manager for UID 1000.
[   15.406781] cloud-init[1482]: Generating locales (this might take a while)...
         Starting Hostname Service...
[[0;32m  OK  [0m] Started Hostname Service.
[   16.418889] cloud-init[1482]:   en_US.UTF-8... done
[   16.421308] cloud-init[1482]: Generation complete.
[[0;32m  OK  [0m] Stopped ifup for enp0s3.
[[0;32m  OK  [0m] Started ifup for enp0s3.
[[0;32m  OK  [0m] Stopped ifup for enp0s8.
[[0;32m  OK  [0m] Started ifup for enp0s8.
[   16.920597] cloud-init[1482]: Cloud-init v. 19.1-1-gbaa47854-0ubuntu1~16.04.1 running 'modules:config' at Sat, 15 Jun 2019 17:57:24 +0000. Up 15.23 seconds.
ci-info: no authorized ssh keys fingerprints found for user ubuntu.
<14>Jun 15 17:57:27 ec2: 
<14>Jun 15 17:57:27 ec2: #############################################################
<14>Jun 15 17:57:27 ec2: -----BEGIN SSH HOST KEY FINGERPRINTS-----
<14>Jun 15 17:57:27 ec2: 1024 SHA256:ddkk3/AefDBSMWd4BagC7O9+VemaCwmiRWaYHMLinXk root@ubuntu-xenial (DSA)
<14>Jun 15 17:57:27 ec2: 256 SHA256:FOHlWNbwKAPSLEK83hjU8w4kLO9l92X0KU53w91Yb6k root@ubuntu-xenial (ECDSA)
<14>Jun 15 17:57:27 ec2: 256 SHA256:q2MMFgupgmDOzRrkHTCGPmVEUVYm1o8CD8bGZPdxb+M root@ubuntu-xenial (ED25519)
<14>Jun 15 17:57:27 ec2: 2048 SHA256:OIhKJl6ZhCVwsaS8NKy/eDBRSkoRhMTmc3MD99GJuCE root@ubuntu-xenial (RSA)
<14>Jun 15 17:57:27 ec2: -----END SSH HOST KEY FINGERPRINTS-----
<14>Jun 15 17:57:27 ec2: #############################################################
-----BEGIN SSH HOST KEY KEYS-----
ecdsa-sha2-nistp256 AAAAE2VjZHNhLXNoYTItbmlzdHAyNTYAAAAIbmlzdHAyNTYAAABBBODmoO1712ZKb+rqghIyOrSIhZ5UQoYjJbRSRqKhNl2Y1h0X6BmIAy36/xzpJEjnHgR/gHVJAwzl0JSZqYLSEUc= root@ubuntu-xenial
ssh-ed25519 AAAAC3NzaC1lZDI1NTE5AAAAIL1UNAKzL6BvthTH/4AN/71CWbBdstXphkP2y8DJHaQs root@ubuntu-xenial
ssh-rsa AAAAB3NzaC1yc2EAAAADAQABAAABAQDVE7Yqo3Ju3a753kKwtW69MhLaJMaDJvQC8WJCFEWfgfxLTTW5mh9euZQuENsDhtLiwXyCo4WWdt41yA5pjil1dn0rxS4y+ARLcH1ot/K+aIkertZOmL5CD+rvJLNiF4FG/gLgI/OjHQLrh/jPOhoMAfAcfyp1Sqs0dnw660zUI6MGM4d/dFuMA75gxjacnWzhaiBiyaAnSk4Jo5KBeVvurHGaRyx242kyn197e8CBpTJv4zP5nGoVNcwilHjxOfWWQLreIwCw3S4kCN6FmsLJBKcMgPgugeEMpRC20A3BUJXIY8w/0M70wkFhLUePaYwfIuYLLRXtXFqGVlf3+sCb root@ubuntu-xenial
-----END SSH HOST KEY KEYS-----
[   17.890711] cloud-init[1782]: Cloud-init v. 19.1-1-gbaa47854-0ubuntu1~16.04.1 running 'modules:final' at Sat, 15 Jun 2019 17:57:27 +0000. Up 17.60 seconds.
[   17.899209] cloud-init[1782]: ci-info: no authorized ssh keys fingerprints found for user ubuntu.
[   17.910274] cloud-init[1782]: Cloud-init v. 19.1-1-gbaa47854-0ubuntu1~16.04.1 finished at Sat, 15 Jun 2019 17:57:27 +0000. Datasource DataSourceNoCloud [seed=/dev/sdb][dsmode=net].  Up 17.87 seconds

Ubuntu 16.04.6 LTS ckan ttyS0

ckan login: 